<?xml version="1.0" encoding="UTF-8"?>
<!-- Generated by org.testng.reporters.JUnitReportReporter -->
<testsuite hostname="DESKTOP-6U2OB0D" failures="0" tests="3" name="DynamiCTestNG" time="6.257" errors="0" timestamp="2021-05-02T21:40:54 MDT" skipped="0">
  <testcase classname="DynamiCTestNG" name="dynamic" time="1.164"/>
  <system-out/>
  <testcase classname="DynamiCTestNG" name="dynamic" time="1.122"/>
  <system-out/>
  <testcase classname="DynamiCTestNG" name="dynamic" time="3.971"/>
  <system-out/>
</testsuite> <!-- DynamiCTestNG -->
